# JRE version: OpenJDK Runtime Environment (21.0.10) (build 21.0.10+-14961533-b1163.108)
# Java VM: OpenJDK 64-Bit Server VM (21.0.10+-14961533-b1163.108, mixed mode, tiered, compressed oops, compressed class ptrs, g1 gc, windows-amd64)
GC Precious Log:
 CardTable entry size: 512
 Card Set container configuration: InlinePtr #cards 4 size 8 Array Of Cards #cards 16 size 48 Howl #buckets 8 coarsen threshold 3686 Howl Bitmap #cards 512 size 80 coarsen threshold 460 Card regions per heap region 1 cards per card region 4096
 CPUs: 12 total, 12 available
 Memory: 14188M
 Large Page Support: Disabled
 NUMA Support: Disabled
 Compressed Oops: Enabled (Zero based)
 Heap Region Size: 2M
 Heap Min Capacity: 8M
 Heap Initial Capacity: 222M
 Heap Max Capacity: 4G
 Pre-touch: Disabled
 Parallel Workers: 10
 Concurrent Workers: 3
 Concurrent Refinement Workers: 10
 Periodic GC: Disabled
Heap:
 garbage-first heap   total 720896K, used 559326K [0x0000000700000000, 0x0000000800000000)
  region size 2048K, 69 young (141312K), 8 survivors (16384K)
 Metaspace       used 149030K, committed 152064K, reserved 1179648K
  class space    used 20852K, committed 22208K, reserved 1048576K
GC Heap History (20 events):
Event: 565.922 GC heap before
{Heap before GC invocations=92 (full 0):
 garbage-first heap   total 552960K, used 453855K [0x0000000700000000, 0x0000000800000000)
  region size 2048K, 68 young (139264K), 6 survivors (12288K)
 Metaspace       used 138425K, committed 141248K, reserved 1179648K
  class space    used 19495K, committed 20800K, reserved 1048576K
}
Event: 565.941 GC heap after
{Heap after GC invocations=93 (full 0):
 garbage-first heap   total 552960K, used 333887K [0x0000000700000000, 0x0000000800000000)
  region size 2048K, 8 young (16384K), 8 survivors (16384K)
 Metaspace       used 138425K, committed 141248K, reserved 1179648K
  class space    used 19495K, committed 20800K, reserved 1048576K
}
Event: 587.663 GC heap before
{Heap before GC invocations=93 (full 0):
 garbage-first heap   total 552960K, used 505919K [0x0000000700000000, 0x0000000800000000)
  region size 2048K, 93 young (190464K), 8 survivors (16384K)
 Metaspace       used 138644K, committed 141440K, reserved 1179648K
  class space    used 19523K, committed 20800K, reserved 1048576K
}
Event: 587.700 GC heap after
{Heap after GC invocations=94 (full 0):
 garbage-first heap   total 552960K, used 340583K [0x0000000700000000, 0x0000000800000000)
  region size 2048K, 11 young (22528K), 11 survivors (22528K)
 Metaspace       used 138644K, committed 141440K, reserved 1179648K
  class space    used 19523K, committed 20800K, reserved 1048576K
}
Event: 592.003 GC heap before
{Heap before GC invocations=94 (full 0):
 garbage-first heap   total 552960K, used 508519K [0x0000000700000000, 0x0000000800000000)
  region size 2048K, 94 young (192512K), 11 survivors (22528K)
 Metaspace       used 138748K, committed 141568K, reserved 1179648K
  class space    used 19537K, committed 20800K, reserved 1048576K
}
Event: 592.028 GC heap after
{Heap after GC invocations=95 (full 0):
 garbage-first heap   total 552960K, used 347113K [0x0000000700000000, 0x0000000800000000)
  region size 2048K, 6 young (12288K), 6 survivors (12288K)
 Metaspace       used 138748K, committed 141568K, reserved 1179648K
  class space    used 19537K, committed 20800K, reserved 1048576K
}
Event: 602.746 GC heap before
{Heap before GC invocations=96 (full 0):
 garbage-first heap   total 581632K, used 510953K [0x0000000700000000, 0x0000000800000000)
  region size 2048K, 87 young (178176K), 6 survivors (12288K)
 Metaspace       used 138808K, committed 141696K, reserved 1179648K
  class space    used 19545K, committed 20864K, reserved 1048576K
}
Event: 602.795 GC heap after
{Heap after GC invocations=97 (full 0):
 garbage-first heap   total 581632K, used 347113K [0x0000000700000000, 0x0000000800000000)
  region size 2048K, 6 young (12288K), 6 survivors (12288K)
 Metaspace       used 138808K, committed 141696K, reserved 1179648K
  class space    used 19545K, committed 20864K, reserved 1048576K
}
Event: 607.181 GC heap before
{Heap before GC invocations=97 (full 0):
 garbage-first heap   total 581632K, used 545769K [0x0000000700000000, 0x0000000800000000)
  region size 2048K, 102 young (208896K), 6 survivors (12288K)
 Metaspace       used 138936K, committed 141824K, reserved 1179648K
  class space    used 19560K, committed 20864K, reserved 1048576K
}
Event: 607.216 GC heap after
{Heap after GC invocations=98 (full 0):
 garbage-first heap   total 581632K, used 357464K [0x0000000700000000, 0x0000000800000000)
  region size 2048K, 12 young (24576K), 12 survivors (24576K)
 Metaspace       used 138936K, committed 141824K, reserved 1179648K
  class space    used 19560K, committed 20864K, reserved 1048576K
}
Event: 611.366 GC heap before
{Heap before GC invocations=98 (full 0):
 garbage-first heap   total 581632K, used 537688K [0x0000000700000000, 0x0000000800000000)
  region size 2048K, 101 young (206848K), 12 survivors (24576K)
 Metaspace       used 138978K, committed 141888K, reserved 1179648K
  class space    used 19565K, committed 20864K, reserved 1048576K
}
Event: 611.396 GC heap after
{Heap after GC invocations=99 (full 0):
 garbage-first heap   total 581632K, used 365806K [0x0000000700000000, 0x0000000800000000)
  region size 2048K, 11 young (22528K), 11 survivors (22528K)
 Metaspace       used 138978K, committed 141888K, reserved 1179648K
  class space    used 19565K, committed 20864K, reserved 1048576K
}
Event: 627.090 GC heap before
{Heap before GC invocations=100 (full 0):
 garbage-first heap   total 614400K, used 550126K [0x0000000700000000, 0x0000000800000000)
  region size 2048K, 99 young (202752K), 11 survivors (22528K)
 Metaspace       used 139636K, committed 142656K, reserved 1179648K
  class space    used 19653K, committed 20992K, reserved 1048576K
}
Event: 627.129 GC heap after
{Heap after GC invocations=101 (full 0):
 garbage-first heap   total 614400K, used 390834K [0x0000000700000000, 0x0000000800000000)
  region size 2048K, 13 young (26624K), 13 survivors (26624K)
 Metaspace       used 139636K, committed 142656K, reserved 1179648K
  class space    used 19653K, committed 20992K, reserved 1048576K
}
Event: 632.602 GC heap before
{Heap before GC invocations=101 (full 0):
 garbage-first heap   total 614400K, used 566962K [0x0000000700000000, 0x0000000800000000)
  region size 2048K, 99 young (202752K), 13 survivors (26624K)
 Metaspace       used 140523K, committed 143552K, reserved 1179648K
  class space    used 19747K, committed 21056K, reserved 1048576K
}
Event: 632.657 GC heap after
{Heap after GC invocations=102 (full 0):
 garbage-first heap   total 632832K, used 418161K [0x0000000700000000, 0x0000000800000000)
  region size 2048K, 13 young (26624K), 13 survivors (26624K)
 Metaspace       used 140523K, committed 143552K, reserved 1179648K
  class space    used 19747K, committed 21056K, reserved 1048576K
}
Event: 633.140 GC heap before
{Heap before GC invocations=102 (full 0):
 garbage-first heap   total 632832K, used 432497K [0x0000000700000000, 0x0000000800000000)
  region size 2048K, 21 young (43008K), 13 survivors (26624K)
 Metaspace       used 140791K, committed 143808K, reserved 1179648K
  class space    used 19779K, committed 21120K, reserved 1048576K
}
Event: 633.167 GC heap after
{Heap after GC invocations=103 (full 0):
 garbage-first heap   total 632832K, used 427995K [0x0000000700000000, 0x0000000800000000)
  region size 2048K, 4 young (8192K), 4 survivors (8192K)
 Metaspace       used 140791K, committed 143808K, reserved 1179648K
  class space    used 19779K, committed 21120K, reserved 1048576K
}
Event: 651.903 GC heap before
{Heap before GC invocations=104 (full 0):
 garbage-first heap   total 720896K, used 554971K [0x0000000700000000, 0x0000000800000000)
  region size 2048K, 65 young (133120K), 4 survivors (8192K)
 Metaspace       used 148521K, committed 151552K, reserved 1179648K
  class space    used 20804K, committed 22144K, reserved 1048576K
}
Event: 651.943 GC heap after
{Heap after GC invocations=105 (full 0):
 garbage-first heap   total 720896K, used 436446K [0x0000000700000000, 0x0000000800000000)
  region size 2048K, 8 young (16384K), 8 survivors (16384K)
 Metaspace       used 148521K, committed 151552K, reserved 1179648K
  class space    used 20804K, committed 22144K, reserved 1048576K
}

